2019-10-07 17:06:45 INFO  TestDriverFactory:54 - https://google.com has been opened in browser successfully
2019-10-07 17:06:45 INFO  TestDriverFactory:48 - ***************** Chrome Browser launched *****************
2019-10-07 17:06:45 INFO  FirstTest:38 - Login Successfully
2019-10-07 18:16:26 INFO  TestDriverFactory:54 - https://google.com has been opened in browser successfully
2019-10-07 18:16:26 INFO  TestDriverFactory:48 - ***************** Chrome Browser launched *****************
2019-10-07 18:16:26 INFO  FirstTest:38 - Login Successfully
2019-10-08 11:48:32 INFO  TestDriverFactory:54 - https://google.com has been opened in browser successfully
2019-10-08 11:48:32 INFO  TestDriverFactory:48 - ***************** Chrome Browser launched *****************
2019-10-08 11:48:32 INFO  FirstTest:38 - Login Success !!!
2019-10-08 14:41:34 INFO  TestDriverFactory:54 - https://google.com has been opened in browser successfully
2019-10-08 14:41:34 INFO  TestDriverFactory:48 - ***************** Chrome Browser launched *****************
2019-10-08 14:41:34 INFO  FirstTest:38 - Success !!!
2019-10-08 14:42:29 INFO  TestDriverFactory:54 - https://youtube.com has been opened in browser successfully
2019-10-08 14:42:29 INFO  TestDriverFactory:48 - ***************** Chrome Browser launched *****************
2019-10-08 14:42:29 INFO  FirstTest:38 - Test Success !!!
2019-10-08 14:47:51 INFO  TestDriverFactory:54 - https://github.com has been opened in browser successfully
2019-10-08 14:47:51 INFO  TestDriverFactory:48 - ***************** Chrome Browser launched *****************
2019-10-08 14:47:51 INFO  FirstTest:38 - Test Success !!!
2019-10-08 14:52:55 INFO  TestDriverFactory:54 - https://github.com has been opened in browser successfully
2019-10-08 14:52:55 INFO  TestDriverFactory:48 - ***************** Chrome Browser launched *****************
2019-10-08 14:52:55 INFO  FirstTest:38 - Test Success !!!
2019-10-08 14:56:54 INFO  TestDriverFactory:54 - https://stackoverflow.com has been opened in browser successfully.
2019-10-08 14:56:54 INFO  TestDriverFactory:48 - ***************** Chrome Browser launched *****************
2019-10-08 14:56:54 INFO  FirstTest:38 - Test Success !!!
2019-10-08 16:22:25 INFO  TestDriverFactory:54 - https://stackoverflow.com has been opened in browser successfully.
2019-10-08 16:22:25 INFO  TestDriverFactory:48 - ***************** Chrome Browser launched *****************
2019-10-08 16:26:09 INFO  TestDriverFactory:54 - https://stackoverflow.com has been opened in browser successfully.
2019-10-08 16:26:09 INFO  TestDriverFactory:48 - ***************** Chrome Browser launched *****************
2019-10-08 17:02:18 INFO  TestDriverFactory:55 - https://stackoverflow.com has been opened in browser successfully.
2019-10-08 17:02:18 INFO  TestDriverFactory:49 - ***************** Chrome Browser launched *****************
2019-10-08 17:02:18 INFO  FirstTest:23 - Test Success !!!
2019-10-08 17:26:32 INFO  TestDriverFactory:55 - https://stackoverflow.com has been opened in browser successfully.
2019-10-08 17:26:32 INFO  TestDriverFactory:49 - ***************** Chrome Browser launched *****************
2019-10-08 17:26:32 INFO  FirstTest:23 - Test Success !!!
2019-10-08 17:35:07 INFO  TestDriverFactory:55 - https://stackoverflow.com has been opened in browser successfully.
2019-10-08 17:35:07 INFO  TestDriverFactory:49 - ***************** Chrome Browser launched *****************
2019-10-08 17:35:07 INFO  FirstTest:23 - Test Success !!!
2019-10-09 14:55:58 INFO  TestDriverFactory:55 - https://google.com has been opened in browser successfully.
2019-10-09 14:55:58 INFO  TestDriverFactory:49 - ***************** Chrome Browser launched *****************
2019-10-09 14:55:58 INFO  FirstTest:23 - Test Success !!!
2019-10-09 15:02:52 INFO  TestDriverFactory:55 - https://google.com has been opened in browser successfully.
2019-10-09 15:02:52 INFO  TestDriverFactory:49 - ***************** Chrome Browser launched *****************
2019-10-09 15:02:52 INFO  FirstTest:15 - Test Success !!!
2019-10-09 15:30:52 INFO  TestDriverFactory:55 - https://google.com has been opened in browser successfully.
2019-10-09 15:30:52 INFO  TestDriverFactory:49 - ***************** Chrome Browser launched *****************
2019-10-09 15:30:52 INFO  FirstTest:16 - Test Success !!!
2019-10-09 15:31:51 INFO  TestDriverFactory:55 - https://google.com has been opened in browser successfully.
2019-10-09 15:31:51 INFO  TestDriverFactory:49 - ***************** Chrome Browser launched *****************
2019-10-09 15:31:51 INFO  FirstTest:16 - Test Success !!!
2019-10-09 15:37:22 INFO  TestDriverFactory:55 - https://google.com has been opened in browser successfully.
2019-10-09 15:37:22 INFO  TestDriverFactory:49 - ***************** Chrome Browser launched *****************
2019-10-09 15:37:23 INFO  FirstTest:16 - Test Success !!!
2019-10-09 15:37:23 INFO  FirstTest:25 - Test Success !!!
2019-10-09 15:37:23 INFO  SecondTest:16 - Test Success !!!
2019-10-09 15:37:23 INFO  SecondTest:26 - Test Success !!!
2019-10-09 15:37:23 INFO  ThirdTest:16 - Test Success !!!
2019-10-09 15:37:23 INFO  ThirdTest:25 - Test Success !!!
2019-10-09 15:37:23 INFO  ThirdTest:34 - Test Success !!!
2019-10-09 15:46:42 INFO  TestDriverFactory:55 - https://google.com has been opened in browser successfully.
2019-10-09 15:46:42 INFO  TestDriverFactory:49 - ***************** Chrome Browser launched *****************
2019-10-09 15:46:43 INFO  FirstTest:16 - Test Success !!!
2019-10-09 15:46:43 INFO  FirstTest:25 - Test Success !!!
2019-10-09 15:46:43 INFO  SecondTest:16 - Test Success !!!
2019-10-09 15:46:43 INFO  SecondTest:26 - Test Success !!!
2019-10-09 15:46:43 INFO  ThirdTest:16 - Test Success !!!
2019-10-09 15:46:43 INFO  ThirdTest:25 - Test Success !!!
2019-10-09 15:46:43 INFO  ThirdTest:34 - Test Success !!!
2019-10-09 15:50:28 INFO  TestDriverFactory:55 - https://google.com has been opened in browser successfully.
2019-10-09 15:50:28 INFO  TestDriverFactory:49 - ***************** Chrome Browser launched *****************
2019-10-09 15:50:28 INFO  FirstTest:16 - Test Success 1 !!!
2019-10-09 15:50:28 INFO  FirstTest:25 - Test Success 2 !!!
2019-10-09 15:50:29 INFO  SecondTest:16 - Test Success 1 !!!
2019-10-09 15:50:29 INFO  SecondTest:26 - Test Success 2 !!!
2019-10-09 15:50:29 INFO  ThirdTest:16 - Test Success 1 !!!
2019-10-09 15:50:29 INFO  ThirdTest:25 - Test Success 2 !!!
2019-10-09 15:50:29 INFO  ThirdTest:34 - Test Success 3 !!!
2019-10-09 15:51:55 INFO  TestDriverFactory:55 - https://google.com has been opened in browser successfully.
2019-10-09 15:51:55 INFO  TestDriverFactory:49 - ***************** Chrome Browser launched *****************
2019-10-09 15:51:55 INFO  FirstTest:16 - Test Success 1 !!!
2019-10-09 15:51:55 INFO  FirstTest:25 - Test Success 2 !!!
2019-10-09 15:51:55 INFO  SecondTest:16 - Test Success 1 !!!
2019-10-09 15:51:55 INFO  SecondTest:26 - Test Success 2 !!!
2019-10-09 15:51:55 INFO  ThirdTest:16 - Test Success 1 !!!
2019-10-09 15:51:55 INFO  ThirdTest:25 - Test Success 2 !!!
2019-10-09 15:51:55 INFO  ThirdTest:34 - Test Success 3 !!!
